Start testing: Dec 21 18:23 UTC
----------------------------------------------------------
1/19 Testing: CORE_Node.createSubNode
1/19 Test: CORE_Node.createSubNode
Command: "/home/runner/work/2XD2-Engine/2XD2-Engine/build/tests/2XD2_Engine_Tests" "--gtest_filter=CORE_Node.createSubNode" "--gtest_also_run_disabled_tests"
Directory: /home/runner/work/2XD2-Engine/2XD2-Engine/tests
"CORE_Node.createSubNode" start time: Dec 21 18:23 UTC
Output:
----------------------------------------------------------
Running main() from /home/runner/work/2XD2-Engine/2XD2-Engine/build/_deps/googletest-src/googletest/src/gtest_main.cc
Note: Google Test filter = CORE_Node.createSubNode
[==========] Running 1 test from 1 test suite.
[----------] Global test environment set-up.
[----------] 1 test from CORE_Node
[ RUN      ] CORE_Node.createSubNode
[       OK ] CORE_Node.createSubNode (0 ms)
[----------] 1 test from CORE_Node (0 ms total)

[----------] Global test environment tear-down
[==========] 1 test from 1 test suite ran. (0 ms total)
[  PASSED  ] 1 test.
<end of output>
Test time =   0.00 sec
----------------------------------------------------------
Test Passed.
"CORE_Node.createSubNode" end time: Dec 21 18:23 UTC
"CORE_Node.createSubNode" time elapsed: 00:00:00
----------------------------------------------------------

2/19 Testing: CORE_Node.addSubNode
2/19 Test: CORE_Node.addSubNode
Command: "/home/runner/work/2XD2-Engine/2XD2-Engine/build/tests/2XD2_Engine_Tests" "--gtest_filter=CORE_Node.addSubNode" "--gtest_also_run_disabled_tests"
Directory: /home/runner/work/2XD2-Engine/2XD2-Engine/tests
"CORE_Node.addSubNode" start time: Dec 21 18:23 UTC
Output:
----------------------------------------------------------
Running main() from /home/runner/work/2XD2-Engine/2XD2-Engine/build/_deps/googletest-src/googletest/src/gtest_main.cc
Note: Google Test filter = CORE_Node.addSubNode
[==========] Running 1 test from 1 test suite.
[----------] Global test environment set-up.
[----------] 1 test from CORE_Node
[ RUN      ] CORE_Node.addSubNode
[       OK ] CORE_Node.addSubNode (0 ms)
[----------] 1 test from CORE_Node (0 ms total)

[----------] Global test environment tear-down
[==========] 1 test from 1 test suite ran. (0 ms total)
[  PASSED  ] 1 test.
<end of output>
Test time =   0.00 sec
----------------------------------------------------------
Test Passed.
"CORE_Node.addSubNode" end time: Dec 21 18:23 UTC
"CORE_Node.addSubNode" time elapsed: 00:00:00
----------------------------------------------------------

3/19 Testing: CORE_Node.removeDestroyedSubNodes
3/19 Test: CORE_Node.removeDestroyedSubNodes
Command: "/home/runner/work/2XD2-Engine/2XD2-Engine/build/tests/2XD2_Engine_Tests" "--gtest_filter=CORE_Node.removeDestroyedSubNodes" "--gtest_also_run_disabled_tests"
Directory: /home/runner/work/2XD2-Engine/2XD2-Engine/tests
"CORE_Node.removeDestroyedSubNodes" start time: Dec 21 18:23 UTC
Output:
----------------------------------------------------------
Running main() from /home/runner/work/2XD2-Engine/2XD2-Engine/build/_deps/googletest-src/googletest/src/gtest_main.cc
Note: Google Test filter = CORE_Node.removeDestroyedSubNodes
[==========] Running 1 test from 1 test suite.
[----------] Global test environment set-up.
[----------] 1 test from CORE_Node
[ RUN      ] CORE_Node.removeDestroyedSubNodes
[       OK ] CORE_Node.removeDestroyedSubNodes (0 ms)
[----------] 1 test from CORE_Node (0 ms total)

[----------] Global test environment tear-down
[==========] 1 test from 1 test suite ran. (0 ms total)
[  PASSED  ] 1 test.
<end of output>
Test time =   0.00 sec
----------------------------------------------------------
Test Passed.
"CORE_Node.removeDestroyedSubNodes" end time: Dec 21 18:23 UTC
"CORE_Node.removeDestroyedSubNodes" time elapsed: 00:00:00
----------------------------------------------------------

4/19 Testing: CORE_Node.destroyCallsOnDestroy
4/19 Test: CORE_Node.destroyCallsOnDestroy
Command: "/home/runner/work/2XD2-Engine/2XD2-Engine/build/tests/2XD2_Engine_Tests" "--gtest_filter=CORE_Node.destroyCallsOnDestroy" "--gtest_also_run_disabled_tests"
Directory: /home/runner/work/2XD2-Engine/2XD2-Engine/tests
"CORE_Node.destroyCallsOnDestroy" start time: Dec 21 18:23 UTC
Output:
----------------------------------------------------------
Running main() from /home/runner/work/2XD2-Engine/2XD2-Engine/build/_deps/googletest-src/googletest/src/gtest_main.cc
Note: Google Test filter = CORE_Node.destroyCallsOnDestroy
[==========] Running 1 test from 1 test suite.
[----------] Global test environment set-up.
[----------] 1 test from CORE_Node
[ RUN      ] CORE_Node.destroyCallsOnDestroy
[       OK ] CORE_Node.destroyCallsOnDestroy (0 ms)
[----------] 1 test from CORE_Node (0 ms total)

[----------] Global test environment tear-down
[==========] 1 test from 1 test suite ran. (0 ms total)
[  PASSED  ] 1 test.
<end of output>
Test time =   0.00 sec
----------------------------------------------------------
Test Passed.
"CORE_Node.destroyCallsOnDestroy" end time: Dec 21 18:23 UTC
"CORE_Node.destroyCallsOnDestroy" time elapsed: 00:00:00
----------------------------------------------------------

5/19 Testing: CORE_Node.createCallsOnCreate
5/19 Test: CORE_Node.createCallsOnCreate
Command: "/home/runner/work/2XD2-Engine/2XD2-Engine/build/tests/2XD2_Engine_Tests" "--gtest_filter=CORE_Node.createCallsOnCreate" "--gtest_also_run_disabled_tests"
Directory: /home/runner/work/2XD2-Engine/2XD2-Engine/tests
"CORE_Node.createCallsOnCreate" start time: Dec 21 18:23 UTC
Output:
----------------------------------------------------------
Running main() from /home/runner/work/2XD2-Engine/2XD2-Engine/build/_deps/googletest-src/googletest/src/gtest_main.cc
Note: Google Test filter = CORE_Node.createCallsOnCreate
[==========] Running 1 test from 1 test suite.
[----------] Global test environment set-up.
[----------] 1 test from CORE_Node
[ RUN      ] CORE_Node.createCallsOnCreate
[       OK ] CORE_Node.createCallsOnCreate (0 ms)
[----------] 1 test from CORE_Node (0 ms total)

[----------] Global test environment tear-down
[==========] 1 test from 1 test suite ran. (0 ms total)
[  PASSED  ] 1 test.
<end of output>
Test time =   0.00 sec
----------------------------------------------------------
Test Passed.
"CORE_Node.createCallsOnCreate" end time: Dec 21 18:23 UTC
"CORE_Node.createCallsOnCreate" time elapsed: 00:00:00
----------------------------------------------------------

6/19 Testing: CORE_Node.updateCallsOnUpdate
6/19 Test: CORE_Node.updateCallsOnUpdate
Command: "/home/runner/work/2XD2-Engine/2XD2-Engine/build/tests/2XD2_Engine_Tests" "--gtest_filter=CORE_Node.updateCallsOnUpdate" "--gtest_also_run_disabled_tests"
Directory: /home/runner/work/2XD2-Engine/2XD2-Engine/tests
"CORE_Node.updateCallsOnUpdate" start time: Dec 21 18:23 UTC
Output:
----------------------------------------------------------
Running main() from /home/runner/work/2XD2-Engine/2XD2-Engine/build/_deps/googletest-src/googletest/src/gtest_main.cc
Note: Google Test filter = CORE_Node.updateCallsOnUpdate
[==========] Running 1 test from 1 test suite.
[----------] Global test environment set-up.
[----------] 1 test from CORE_Node
[ RUN      ] CORE_Node.updateCallsOnUpdate
[       OK ] CORE_Node.updateCallsOnUpdate (0 ms)
[----------] 1 test from CORE_Node (0 ms total)

[----------] Global test environment tear-down
[==========] 1 test from 1 test suite ran. (0 ms total)
[  PASSED  ] 1 test.
<end of output>
Test time =   0.00 sec
----------------------------------------------------------
Test Passed.
"CORE_Node.updateCallsOnUpdate" end time: Dec 21 18:23 UTC
"CORE_Node.updateCallsOnUpdate" time elapsed: 00:00:00
----------------------------------------------------------

7/19 Testing: CORE_Node.drawCallsOnDraw
7/19 Test: CORE_Node.drawCallsOnDraw
Command: "/home/runner/work/2XD2-Engine/2XD2-Engine/build/tests/2XD2_Engine_Tests" "--gtest_filter=CORE_Node.drawCallsOnDraw" "--gtest_also_run_disabled_tests"
Directory: /home/runner/work/2XD2-Engine/2XD2-Engine/tests
"CORE_Node.drawCallsOnDraw" start time: Dec 21 18:23 UTC
Output:
----------------------------------------------------------
Running main() from /home/runner/work/2XD2-Engine/2XD2-Engine/build/_deps/googletest-src/googletest/src/gtest_main.cc
Note: Google Test filter = CORE_Node.drawCallsOnDraw
[==========] Running 1 test from 1 test suite.
[----------] Global test environment set-up.
[----------] 1 test from CORE_Node
[ RUN      ] CORE_Node.drawCallsOnDraw
[       OK ] CORE_Node.drawCallsOnDraw (0 ms)
[----------] 1 test from CORE_Node (0 ms total)

[----------] Global test environment tear-down
[==========] 1 test from 1 test suite ran. (0 ms total)
[  PASSED  ] 1 test.
<end of output>
Test time =   0.00 sec
----------------------------------------------------------
Test Passed.
"CORE_Node.drawCallsOnDraw" end time: Dec 21 18:23 UTC
"CORE_Node.drawCallsOnDraw" time elapsed: 00:00:00
----------------------------------------------------------

8/19 Testing: CORE_Vec2.Constructor_Default
8/19 Test: CORE_Vec2.Constructor_Default
Command: "/home/runner/work/2XD2-Engine/2XD2-Engine/build/tests/2XD2_Engine_Tests" "--gtest_filter=CORE_Vec2.Constructor_Default" "--gtest_also_run_disabled_tests"
Directory: /home/runner/work/2XD2-Engine/2XD2-Engine/tests
"CORE_Vec2.Constructor_Default" start time: Dec 21 18:23 UTC
Output:
----------------------------------------------------------
Running main() from /home/runner/work/2XD2-Engine/2XD2-Engine/build/_deps/googletest-src/googletest/src/gtest_main.cc
Note: Google Test filter = CORE_Vec2.Constructor_Default
[==========] Running 1 test from 1 test suite.
[----------] Global test environment set-up.
[----------] 1 test from CORE_Vec2
[ RUN      ] CORE_Vec2.Constructor_Default
[       OK ] CORE_Vec2.Constructor_Default (0 ms)
[----------] 1 test from CORE_Vec2 (0 ms total)

[----------] Global test environment tear-down
[==========] 1 test from 1 test suite ran. (0 ms total)
[  PASSED  ] 1 test.
<end of output>
Test time =   0.00 sec
----------------------------------------------------------
Test Passed.
"CORE_Vec2.Constructor_Default" end time: Dec 21 18:23 UTC
"CORE_Vec2.Constructor_Default" time elapsed: 00:00:00
----------------------------------------------------------

9/19 Testing: CORE_Vec2.Constructor_Parameterized
9/19 Test: CORE_Vec2.Constructor_Parameterized
Command: "/home/runner/work/2XD2-Engine/2XD2-Engine/build/tests/2XD2_Engine_Tests" "--gtest_filter=CORE_Vec2.Constructor_Parameterized" "--gtest_also_run_disabled_tests"
Directory: /home/runner/work/2XD2-Engine/2XD2-Engine/tests
"CORE_Vec2.Constructor_Parameterized" start time: Dec 21 18:23 UTC
Output:
----------------------------------------------------------
Running main() from /home/runner/work/2XD2-Engine/2XD2-Engine/build/_deps/googletest-src/googletest/src/gtest_main.cc
Note: Google Test filter = CORE_Vec2.Constructor_Parameterized
[==========] Running 1 test from 1 test suite.
[----------] Global test environment set-up.
[----------] 1 test from CORE_Vec2
[ RUN      ] CORE_Vec2.Constructor_Parameterized
[       OK ] CORE_Vec2.Constructor_Parameterized (0 ms)
[----------] 1 test from CORE_Vec2 (0 ms total)

[----------] Global test environment tear-down
[==========] 1 test from 1 test suite ran. (0 ms total)
[  PASSED  ] 1 test.
<end of output>
Test time =   0.00 sec
----------------------------------------------------------
Test Passed.
"CORE_Vec2.Constructor_Parameterized" end time: Dec 21 18:23 UTC
"CORE_Vec2.Constructor_Parameterized" time elapsed: 00:00:00
----------------------------------------------------------

10/19 Testing: CORE_Vec2.Addition
10/19 Test: CORE_Vec2.Addition
Command: "/home/runner/work/2XD2-Engine/2XD2-Engine/build/tests/2XD2_Engine_Tests" "--gtest_filter=CORE_Vec2.Addition" "--gtest_also_run_disabled_tests"
Directory: /home/runner/work/2XD2-Engine/2XD2-Engine/tests
"CORE_Vec2.Addition" start time: Dec 21 18:23 UTC
Output:
----------------------------------------------------------
Running main() from /home/runner/work/2XD2-Engine/2XD2-Engine/build/_deps/googletest-src/googletest/src/gtest_main.cc
Note: Google Test filter = CORE_Vec2.Addition
[==========] Running 1 test from 1 test suite.
[----------] Global test environment set-up.
[----------] 1 test from CORE_Vec2
[ RUN      ] CORE_Vec2.Addition
[       OK ] CORE_Vec2.Addition (0 ms)
[----------] 1 test from CORE_Vec2 (0 ms total)

[----------] Global test environment tear-down
[==========] 1 test from 1 test suite ran. (0 ms total)
[  PASSED  ] 1 test.
<end of output>
Test time =   0.00 sec
----------------------------------------------------------
Test Passed.
"CORE_Vec2.Addition" end time: Dec 21 18:23 UTC
"CORE_Vec2.Addition" time elapsed: 00:00:00
----------------------------------------------------------

11/19 Testing: CORE_Vec2.Subtraction
11/19 Test: CORE_Vec2.Subtraction
Command: "/home/runner/work/2XD2-Engine/2XD2-Engine/build/tests/2XD2_Engine_Tests" "--gtest_filter=CORE_Vec2.Subtraction" "--gtest_also_run_disabled_tests"
Directory: /home/runner/work/2XD2-Engine/2XD2-Engine/tests
"CORE_Vec2.Subtraction" start time: Dec 21 18:23 UTC
Output:
----------------------------------------------------------
Running main() from /home/runner/work/2XD2-Engine/2XD2-Engine/build/_deps/googletest-src/googletest/src/gtest_main.cc
Note: Google Test filter = CORE_Vec2.Subtraction
[==========] Running 1 test from 1 test suite.
[----------] Global test environment set-up.
[----------] 1 test from CORE_Vec2
[ RUN      ] CORE_Vec2.Subtraction
[       OK ] CORE_Vec2.Subtraction (0 ms)
[----------] 1 test from CORE_Vec2 (0 ms total)

[----------] Global test environment tear-down
[==========] 1 test from 1 test suite ran. (0 ms total)
[  PASSED  ] 1 test.
<end of output>
Test time =   0.00 sec
----------------------------------------------------------
Test Passed.
"CORE_Vec2.Subtraction" end time: Dec 21 18:23 UTC
"CORE_Vec2.Subtraction" time elapsed: 00:00:00
----------------------------------------------------------

12/19 Testing: CORE_Vec2.ScalarMultiplication
12/19 Test: CORE_Vec2.ScalarMultiplication
Command: "/home/runner/work/2XD2-Engine/2XD2-Engine/build/tests/2XD2_Engine_Tests" "--gtest_filter=CORE_Vec2.ScalarMultiplication" "--gtest_also_run_disabled_tests"
Directory: /home/runner/work/2XD2-Engine/2XD2-Engine/tests
"CORE_Vec2.ScalarMultiplication" start time: Dec 21 18:23 UTC
Output:
----------------------------------------------------------
Running main() from /home/runner/work/2XD2-Engine/2XD2-Engine/build/_deps/googletest-src/googletest/src/gtest_main.cc
Note: Google Test filter = CORE_Vec2.ScalarMultiplication
[==========] Running 1 test from 1 test suite.
[----------] Global test environment set-up.
[----------] 1 test from CORE_Vec2
[ RUN      ] CORE_Vec2.ScalarMultiplication
[       OK ] CORE_Vec2.ScalarMultiplication (0 ms)
[----------] 1 test from CORE_Vec2 (0 ms total)

[----------] Global test environment tear-down
[==========] 1 test from 1 test suite ran. (0 ms total)
[  PASSED  ] 1 test.
<end of output>
Test time =   0.00 sec
----------------------------------------------------------
Test Passed.
"CORE_Vec2.ScalarMultiplication" end time: Dec 21 18:23 UTC
"CORE_Vec2.ScalarMultiplication" time elapsed: 00:00:00
----------------------------------------------------------

13/19 Testing: CORE_Vec2.DotProduct
13/19 Test: CORE_Vec2.DotProduct
Command: "/home/runner/work/2XD2-Engine/2XD2-Engine/build/tests/2XD2_Engine_Tests" "--gtest_filter=CORE_Vec2.DotProduct" "--gtest_also_run_disabled_tests"
Directory: /home/runner/work/2XD2-Engine/2XD2-Engine/tests
"CORE_Vec2.DotProduct" start time: Dec 21 18:23 UTC
Output:
----------------------------------------------------------
Running main() from /home/runner/work/2XD2-Engine/2XD2-Engine/build/_deps/googletest-src/googletest/src/gtest_main.cc
Note: Google Test filter = CORE_Vec2.DotProduct
[==========] Running 1 test from 1 test suite.
[----------] Global test environment set-up.
[----------] 1 test from CORE_Vec2
[ RUN      ] CORE_Vec2.DotProduct
[       OK ] CORE_Vec2.DotProduct (0 ms)
[----------] 1 test from CORE_Vec2 (0 ms total)

[----------] Global test environment tear-down
[==========] 1 test from 1 test suite ran. (0 ms total)
[  PASSED  ] 1 test.
<end of output>
Test time =   0.00 sec
----------------------------------------------------------
Test Passed.
"CORE_Vec2.DotProduct" end time: Dec 21 18:23 UTC
"CORE_Vec2.DotProduct" time elapsed: 00:00:00
----------------------------------------------------------

14/19 Testing: CORE_Vec2.Length
14/19 Test: CORE_Vec2.Length
Command: "/home/runner/work/2XD2-Engine/2XD2-Engine/build/tests/2XD2_Engine_Tests" "--gtest_filter=CORE_Vec2.Length" "--gtest_also_run_disabled_tests"
Directory: /home/runner/work/2XD2-Engine/2XD2-Engine/tests
"CORE_Vec2.Length" start time: Dec 21 18:23 UTC
Output:
----------------------------------------------------------
Running main() from /home/runner/work/2XD2-Engine/2XD2-Engine/build/_deps/googletest-src/googletest/src/gtest_main.cc
Note: Google Test filter = CORE_Vec2.Length
[==========] Running 1 test from 1 test suite.
[----------] Global test environment set-up.
[----------] 1 test from CORE_Vec2
[ RUN      ] CORE_Vec2.Length
[       OK ] CORE_Vec2.Length (0 ms)
[----------] 1 test from CORE_Vec2 (0 ms total)

[----------] Global test environment tear-down
[==========] 1 test from 1 test suite ran. (0 ms total)
[  PASSED  ] 1 test.
<end of output>
Test time =   0.00 sec
----------------------------------------------------------
Test Passed.
"CORE_Vec2.Length" end time: Dec 21 18:23 UTC
"CORE_Vec2.Length" time elapsed: 00:00:00
----------------------------------------------------------

15/19 Testing: CORE_Vec2.CompoundAssignment
15/19 Test: CORE_Vec2.CompoundAssignment
Command: "/home/runner/work/2XD2-Engine/2XD2-Engine/build/tests/2XD2_Engine_Tests" "--gtest_filter=CORE_Vec2.CompoundAssignment" "--gtest_also_run_disabled_tests"
Directory: /home/runner/work/2XD2-Engine/2XD2-Engine/tests
"CORE_Vec2.CompoundAssignment" start time: Dec 21 18:23 UTC
Output:
----------------------------------------------------------
Running main() from /home/runner/work/2XD2-Engine/2XD2-Engine/build/_deps/googletest-src/googletest/src/gtest_main.cc
Note: Google Test filter = CORE_Vec2.CompoundAssignment
[==========] Running 1 test from 1 test suite.
[----------] Global test environment set-up.
[----------] 1 test from CORE_Vec2
[ RUN      ] CORE_Vec2.CompoundAssignment
[       OK ] CORE_Vec2.CompoundAssignment (0 ms)
[----------] 1 test from CORE_Vec2 (0 ms total)

[----------] Global test environment tear-down
[==========] 1 test from 1 test suite ran. (0 ms total)
[  PASSED  ] 1 test.
<end of output>
Test time =   0.00 sec
----------------------------------------------------------
Test Passed.
"CORE_Vec2.CompoundAssignment" end time: Dec 21 18:23 UTC
"CORE_Vec2.CompoundAssignment" time elapsed: 00:00:00
----------------------------------------------------------

16/19 Testing: CORE_Vec2.Equality
16/19 Test: CORE_Vec2.Equality
Command: "/home/runner/work/2XD2-Engine/2XD2-Engine/build/tests/2XD2_Engine_Tests" "--gtest_filter=CORE_Vec2.Equality" "--gtest_also_run_disabled_tests"
Directory: /home/runner/work/2XD2-Engine/2XD2-Engine/tests
"CORE_Vec2.Equality" start time: Dec 21 18:23 UTC
Output:
----------------------------------------------------------
Running main() from /home/runner/work/2XD2-Engine/2XD2-Engine/build/_deps/googletest-src/googletest/src/gtest_main.cc
Note: Google Test filter = CORE_Vec2.Equality
[==========] Running 1 test from 1 test suite.
[----------] Global test environment set-up.
[----------] 1 test from CORE_Vec2
[ RUN      ] CORE_Vec2.Equality
[       OK ] CORE_Vec2.Equality (0 ms)
[----------] 1 test from CORE_Vec2 (0 ms total)

[----------] Global test environment tear-down
[==========] 1 test from 1 test suite ran. (0 ms total)
[  PASSED  ] 1 test.
<end of output>
Test time =   0.00 sec
----------------------------------------------------------
Test Passed.
"CORE_Vec2.Equality" end time: Dec 21 18:23 UTC
"CORE_Vec2.Equality" time elapsed: 00:00:00
----------------------------------------------------------

17/19 Testing: FRAMEWORK_SFMLTextureParser_TEST.loadJsonTextureConfigTest
17/19 Test: FRAMEWORK_SFMLTextureParser_TEST.loadJsonTextureConfigTest
Command: "/home/runner/work/2XD2-Engine/2XD2-Engine/build/tests/2XD2_Engine_Tests" "--gtest_filter=FRAMEWORK_SFMLTextureParser_TEST.loadJsonTextureConfigTest" "--gtest_also_run_disabled_tests"
Directory: /home/runner/work/2XD2-Engine/2XD2-Engine/tests
"FRAMEWORK_SFMLTextureParser_TEST.loadJsonTextureConfigTest" start time: Dec 21 18:23 UTC
Output:
----------------------------------------------------------
Running main() from /home/runner/work/2XD2-Engine/2XD2-Engine/build/_deps/googletest-src/googletest/src/gtest_main.cc
Note: Google Test filter = FRAMEWORK_SFMLTextureParser_TEST.loadJsonTextureConfigTest
[==========] Running 1 test from 1 test suite.
[----------] Global test environment set-up.
[----------] 1 test from FRAMEWORK_SFMLTextureParser_TEST
[ RUN      ] FRAMEWORK_SFMLTextureParser_TEST.loadJsonTextureConfigTest
Failed to open X11 display; make sure the DISPLAY environment variable is set correctly
<end of output>
Test time =   0.14 sec
----------------------------------------------------------
Test Failed.
"FRAMEWORK_SFMLTextureParser_TEST.loadJsonTextureConfigTest" end time: Dec 21 18:23 UTC
"FRAMEWORK_SFMLTextureParser_TEST.loadJsonTextureConfigTest" time elapsed: 00:00:00
----------------------------------------------------------

18/19 Testing: FRAMEWORK_SFMLTextureParser_TEST.getTextureTest
18/19 Test: FRAMEWORK_SFMLTextureParser_TEST.getTextureTest
Command: "/home/runner/work/2XD2-Engine/2XD2-Engine/build/tests/2XD2_Engine_Tests" "--gtest_filter=FRAMEWORK_SFMLTextureParser_TEST.getTextureTest" "--gtest_also_run_disabled_tests"
Directory: /home/runner/work/2XD2-Engine/2XD2-Engine/tests
"FRAMEWORK_SFMLTextureParser_TEST.getTextureTest" start time: Dec 21 18:23 UTC
Output:
----------------------------------------------------------
Running main() from /home/runner/work/2XD2-Engine/2XD2-Engine/build/_deps/googletest-src/googletest/src/gtest_main.cc
Note: Google Test filter = FRAMEWORK_SFMLTextureParser_TEST.getTextureTest
[==========] Running 1 test from 1 test suite.
[----------] Global test environment set-up.
[----------] 1 test from FRAMEWORK_SFMLTextureParser_TEST
[ RUN      ] FRAMEWORK_SFMLTextureParser_TEST.getTextureTest
Failed to open X11 display; make sure the DISPLAY environment variable is set correctly
<end of output>
Test time =   0.13 sec
----------------------------------------------------------
Test Failed.
"FRAMEWORK_SFMLTextureParser_TEST.getTextureTest" end time: Dec 21 18:23 UTC
"FRAMEWORK_SFMLTextureParser_TEST.getTextureTest" time elapsed: 00:00:00
----------------------------------------------------------

19/19 Testing: RENDERER_Renderer.t
19/19 Test: RENDERER_Renderer.t
Command: "/home/runner/work/2XD2-Engine/2XD2-Engine/build/tests/2XD2_Engine_Tests" "--gtest_filter=RENDERER_Renderer.t" "--gtest_also_run_disabled_tests"
Directory: /home/runner/work/2XD2-Engine/2XD2-Engine/tests
"RENDERER_Renderer.t" start time: Dec 21 18:23 UTC
Output:
----------------------------------------------------------
Running main() from /home/runner/work/2XD2-Engine/2XD2-Engine/build/_deps/googletest-src/googletest/src/gtest_main.cc
Note: Google Test filter = RENDERER_Renderer.t
[==========] Running 1 test from 1 test suite.
[----------] Global test environment set-up.
[----------] 1 test from RENDERER_Renderer
[ RUN      ] RENDERER_Renderer.t
[       OK ] RENDERER_Renderer.t (0 ms)
[----------] 1 test from RENDERER_Renderer (0 ms total)

[----------] Global test environment tear-down
[==========] 1 test from 1 test suite ran. (1 ms total)
[  PASSED  ] 1 test.
<end of output>
Test time =   0.01 sec
----------------------------------------------------------
Test Passed.
"RENDERER_Renderer.t" end time: Dec 21 18:23 UTC
"RENDERER_Renderer.t" time elapsed: 00:00:00
----------------------------------------------------------

End testing: Dec 21 18:23 UTC
